make all --print-data-base --no-builtin-variables --no-builtin-rules --question
# GNU Make 4.3
# Built for x86_64-pc-linux-gnu
# Copyright (C) 1988-2020 Free Software Foundation, Inc.
# License GPLv3+: GNU GPL version 3 or later <http://gnu.org/licenses/gpl.html>
# This is free software: you are free to change and redistribute it.
# There is NO WARRANTY, to the extent permitted by law.

# Make data base, printed on Wed Jan 24 17:29:56 2024

# Variables

# environment
GDK_BACKEND = x11
# environment
LC_ALL = C
# environment
SSH_AGENT_LAUNCHER = gnome-keyring
# environment
VSCODE_CRASH_REPORTER_PROCESS_TYPE = extensionHost
# environment
VSCODE_CWD = /nfs/homes/ynguyen/Documents/minishell
# environment
LIBVIRT_DEFAULT_URI = qemu:///system
# environment
GDM_LANG = en
# default
MAKE_COMMAND := make
# environment
QT_ACCESSIBILITY = 1
# automatic
@D = $(patsubst %/,%,$(dir $@))
# environment
VSCODE_HANDLES_UNCAUGHT_ERRORS = true
# default
.VARIABLES := 
# environment
PWD = /nfs/homes/ynguyen/Documents/minishell/libft
# automatic
%D = $(patsubst %/,%,$(dir $%))
# environment
XDG_DATA_DIRS = /usr/share/ubuntu:/usr/share/gnome:/nfs/homes/ynguyen/.local/share/flatpak/exports/share:/var/lib/flatpak/exports/share:/usr/local/share:/usr/share:/var/lib/snapd/desktop
# environment
OLDPWD = /nfs/homes/ynguyen/Documents/minishell
# automatic
^D = $(patsubst %/,%,$(dir $^))
# automatic
%F = $(notdir $%)
# environment
VSCODE_CODE_CACHE_PATH = /nfs/homes/ynguyen/.config/Code/CachedData/1a5daa3a0231a0fbba4f14db7ec463cf99d7768e
# environment
XDG_SESSION_PATH = /org/freedesktop/DisplayManager/Session1
# environment
LANG = C
# environment
XAUTHORITY = /nfs/homes/ynguyen/.Xauthority
# default
.LOADED := 
# default
.INCLUDE_DIRS = /usr/local/include /usr/include /usr/include
# environment
GNOME_TERMINAL_SERVICE = :1.110
# makefile
MAKEFLAGS = pqrR
# makefile (from 'Makefile', line 51)
BONUS = ft_lstnew.c ft_lstadd_front.c ft_lstsize.c ft_lstlast.c ft_lstadd_back.c ft_lstdelone.c ft_lstclear.c ft_lstiter.c
# environment
DBUS_STARTER_ADDRESS = unix:path=/run/user/101190/bus,guid=9cc22e256de391ea5de435bb65b138f9
# makefile
CURDIR := /nfs/homes/ynguyen/Documents/minishell/libft
# environment
APPLICATION_INSIGHTS_NO_DIAGNOSTIC_CHANNEL = 1
# environment
VSCODE_L10N_BUNDLE_LOCATION = 
# automatic
*D = $(patsubst %/,%,$(dir $*))
# environment
MFLAGS = -pqrR
# environment
SSH_AUTH_SOCK = /run/user/101190/keyring/ssh
# default
.SHELLFLAGS := -c
 
# environment
XDG_CONFIG_DIRS = /etc/xdg/xdg-ubuntu:/etc/xdg
# automatic
+D = $(patsubst %/,%,$(dir $+))
# environment
XDG_SESSION_DESKTOP = ubuntu
# makefile (from 'Makefile', line 1)
MAKEFILE_LIST := Makefile
# automatic
@F = $(notdir $@)
# environment
VSCODE_PID = 55738
# environment
KRB5CCNAME = FILE:/tmp/krb5cc_101190_UOWuTM
# environment
XDG_SESSION_TYPE = x11
# automatic
?D = $(patsubst %/,%,$(dir $?))
# environment
SESSION_MANAGER = local/c4r7p7.42vienna.com:@/tmp/.ICE-unix/54343,unix/c4r7p7.42vienna.com:/tmp/.ICE-unix/54343
# automatic
*F = $(notdir $*)
# environment
CHROME_DESKTOP = code-url-handler.desktop
# environment
DBUS_SESSION_BUS_ADDRESS = unix:path=/run/user/101190/bus,guid=9cc22e256de391ea5de435bb65b138f9
# automatic
<D = $(patsubst %/,%,$(dir $<))
# environment
VSCODE_NLS_CONFIG = {"locale":"en-us","osLocale":"en","availableLanguages":{},"_languagePackSupport":true}
# default
MAKE_HOST := x86_64-pc-linux-gnu
# environment
GNOME_DESKTOP_SESSION_ID = this-is-deprecated
# makefile
SHELL = /bin/sh
# default
MAKECMDGOALS := all
# environment
XMODIFIERS = @im=ibus
# environment
SHLVL = 1
# environment
GNOME_TERMINAL_SCREEN = /org/gnome/Terminal/screen/f34a134c_396e_4fe8_ae4f_4317e9e0dc4a
# environment
MAKELEVEL := 0
# default
MAKE = $(MAKE_COMMAND)
# environment
PATH = /nfs/homes/ynguyen/bin:/usr/local/sbin:/usr/local/bin:/usr/sbin:/usr/bin:/sbin:/bin:/usr/games:/usr/local/games:/snap/bin
# default
MAKEFILES := 
# environment
LANGUAGE = en
# automatic
^F = $(notdir $^)
# environment
DOCKER_HOST = unix:///run/user/101190/docker.sock
# automatic
?F = $(notdir $?)
# makefile (from 'Makefile', line 61)
NAME = libft.a
# environment
GTK_IM_MODULE = ibus
# environment
XDG_CURRENT_DESKTOP = Unity
# automatic
+F = $(notdir $+)
# environment
XDG_SEAT_PATH = /org/freedesktop/DisplayManager/Seat0
# environment
DESKTOP_SESSION = ubuntu
# environment
ORIGINAL_XDG_CURRENT_DESKTOP = ubuntu:GNOME
# makefile (from 'Makefile', line 62)
OBJECTS = $(SOURCES:.c=.o)
# 'override' directive
GNUMAKEFLAGS := 
# environment
LOGNAME = ynguyen
# makefile
.DEFAULT_GOAL := all
# environment
SYSTEMD_EXEC_PID = 54343
# makefile (from 'Makefile', line 64)
RM = rm -f
# environment
DISPLAY = :0
# environment
USER = ynguyen
# environment
GTK_MODULES = gail:atk-bridge
# default
MAKE_VERSION := 4.3
# environment
DBUS_STARTER_BUS_TYPE = session
# environment
_ = /usr/bin/code
# environment
XDG_RUNTIME_DIR = /run/user/101190
# makefile (from 'Makefile', line 65)
CFLAGS = -g -Wall -Wextra -Werror
# environment
GPG_AGENT_INFO = /run/user/101190/gnupg/S.gpg-agent:0:1
# environment
COLORTERM = truecolor
# environment
XDG_SESSION_CLASS = user
# environment
VSCODE_AMD_ENTRYPOINT = vs/workbench/api/node/extensionHostProcess
# environment
HOME = /nfs/homes/ynguyen
# environment
QT_IM_MODULE = ibus
# environment
ELECTRON_RUN_AS_NODE = 1
# environment
VSCODE_IPC_HOOK = /run/user/101190/vscode-85080ac1-1.84-main.sock
# environment
TERM = xterm-256color
# default
.RECIPEPREFIX := 
# automatic
<F = $(notdir $<)
# default
SUFFIXES := 
# environment
VSCODE_CLI = 1
# environment
ELECTRON_NO_ATTACH_CONSOLE = 1
# environment
VTE_VERSION = 6800
# environment
XDG_GREETER_DATA_DIR = /var/lib/lightdm-data/ynguyen
# default
.FEATURES := target-specific order-only second-expansion else-if shortest-stem undefine oneshell nocomment grouped-target extra-prereqs archives jobserver output-sync check-symlink load
# makefile (from 'Makefile', line 14)
SOURCES = ft_isalpha.c ft_atol.c ft_isdigit.c ft_isalnum.c ft_isascii.c ft_isprint.c ft_strlen.c ft_isspace.c ft_memset.c ft_bzero.c ft_memcpy.c ft_memmove.c ft_strlcpy.c ft_strlcat.c ft_toupper.c ft_tolower.c ft_strchr.c ft_strrchr.c ft_strncmp.c ft_memchr.c ft_memcmp.c ft_strnstr.c ft_atoi.c ft_calloc.c ft_strdup.c ft_substr.c ft_strjoin.c ft_strtrim.c ft_itoa.c ft_strmapi.c ft_striteri.c ft_putchar_fd.c ft_putstr_fd.c ft_putendl_fd.c ft_putnbr_fd.c ft_split.c	
# environment
XDG_MENU_PREFIX = gnome-
# makefile (from 'Makefile', line 63)
BONUS_OBJS = $(BONUS:.c=.o)
# environment
GDMSESSION = ubuntu
# variable set hash-table stats:
# Load=107/1024=10%, Rehash=0, Collisions=13/147=9%

# Pattern-specific Variable Values

# No pattern-specific variable values.

# Directories

# . (device 58, inode 18154216): 87 files, no impossibilities.

# 87 files, no impossibilities in 1 directories.

# Implicit Rules

# No implicit rules.

# Files

ft_isalpha.o: ft_isalpha.c ft_atol.c ft_isdigit.c ft_isalnum.c ft_isascii.c ft_isprint.c ft_strlen.c ft_isspace.c ft_memset.c ft_bzero.c ft_memcpy.c ft_memmove.c ft_strlcpy.c ft_strlcat.c ft_toupper.c ft_tolower.c ft_strchr.c ft_strrchr.c ft_strncmp.c ft_memchr.c ft_memcmp.c ft_strnstr.c ft_atoi.c ft_calloc.c ft_strdup.c ft_substr.c ft_strjoin.c ft_strtrim.c ft_itoa.c ft_strmapi.c ft_striteri.c ft_putchar_fd.c ft_putstr_fd.c ft_putendl_fd.c ft_putnbr_fd.c ft_split.c
#  Implicit rule search has not been done.
#  Last modified 2024-01-24 16:24:28.362823402
#  File has been updated.
#  Successfully updated.
#  recipe to execute (from 'Makefile', line 73):
			cc -c $(CFLAGS) $(SOURCES)		

# Not a target:
ft_strtrim.c:
#  Implicit rule search has been done.
#  Last modified 2024-01-24 16:24:01.406963924
#  File has been updated.
#  Successfully updated.

ft_strchr.o: ft_isalpha.c ft_atol.c ft_isdigit.c ft_isalnum.c ft_isascii.c ft_isprint.c ft_strlen.c ft_isspace.c ft_memset.c ft_bzero.c ft_memcpy.c ft_memmove.c ft_strlcpy.c ft_strlcat.c ft_toupper.c ft_tolower.c ft_strchr.c ft_strrchr.c ft_strncmp.c ft_memchr.c ft_memcmp.c ft_strnstr.c ft_atoi.c ft_calloc.c ft_strdup.c ft_substr.c ft_strjoin.c ft_strtrim.c ft_itoa.c ft_strmapi.c ft_striteri.c ft_putchar_fd.c ft_putstr_fd.c ft_putendl_fd.c ft_putnbr_fd.c ft_split.c
#  Implicit rule search has not been done.
#  Last modified 2024-01-24 16:24:28.966820253
#  File has been updated.
#  Successfully updated.
#  recipe to execute (from 'Makefile', line 73):
			cc -c $(CFLAGS) $(SOURCES)		

ft_putstr_fd.o: ft_isalpha.c ft_atol.c ft_isdigit.c ft_isalnum.c ft_isascii.c ft_isprint.c ft_strlen.c ft_isspace.c ft_memset.c ft_bzero.c ft_memcpy.c ft_memmove.c ft_strlcpy.c ft_strlcat.c ft_toupper.c ft_tolower.c ft_strchr.c ft_strrchr.c ft_strncmp.c ft_memchr.c ft_memcmp.c ft_strnstr.c ft_atoi.c ft_calloc.c ft_strdup.c ft_substr.c ft_strjoin.c ft_strtrim.c ft_itoa.c ft_strmapi.c ft_striteri.c ft_putchar_fd.c ft_putstr_fd.c ft_putendl_fd.c ft_putnbr_fd.c ft_split.c
#  Implicit rule search has not been done.
#  Last modified 2024-01-24 16:24:29.49881748
#  File has been updated.
#  Successfully updated.
#  recipe to execute (from 'Makefile', line 73):
			cc -c $(CFLAGS) $(SOURCES)		

# Not a target:
ft_isalnum.c:
#  Implicit rule search has been done.
#  Last modified 2024-01-24 16:24:01.270964633
#  File has been updated.
#  Successfully updated.

ft_isprint.o: ft_isalpha.c ft_atol.c ft_isdigit.c ft_isalnum.c ft_isascii.c ft_isprint.c ft_strlen.c ft_isspace.c ft_memset.c ft_bzero.c ft_memcpy.c ft_memmove.c ft_strlcpy.c ft_strlcat.c ft_toupper.c ft_tolower.c ft_strchr.c ft_strrchr.c ft_strncmp.c ft_memchr.c ft_memcmp.c ft_strnstr.c ft_atoi.c ft_calloc.c ft_strdup.c ft_substr.c ft_strjoin.c ft_strtrim.c ft_itoa.c ft_strmapi.c ft_striteri.c ft_putchar_fd.c ft_putstr_fd.c ft_putendl_fd.c ft_putnbr_fd.c ft_split.c
#  Implicit rule search has not been done.
#  Last modified 2024-01-24 16:24:28.566822339
#  File has been updated.
#  Successfully updated.
#  recipe to execute (from 'Makefile', line 73):
			cc -c $(CFLAGS) $(SOURCES)		

libft.a: ft_isalpha.o ft_atol.o ft_isdigit.o ft_isalnum.o ft_isascii.o ft_isprint.o ft_strlen.o ft_isspace.o ft_memset.o ft_bzero.o ft_memcpy.o ft_memmove.o ft_strlcpy.o ft_strlcat.o ft_toupper.o ft_tolower.o ft_strchr.o ft_strrchr.o ft_strncmp.o ft_memchr.o ft_memcmp.o ft_strnstr.o ft_atoi.o ft_calloc.o ft_strdup.o ft_substr.o ft_strjoin.o ft_strtrim.o ft_itoa.o ft_strmapi.o ft_striteri.o ft_putchar_fd.o ft_putstr_fd.o ft_putendl_fd.o ft_putnbr_fd.o ft_split.o
#  Implicit rule search has not been done.
#  Last modified 2024-01-24 16:24:29.838815708
#  File has been updated.
#  Successfully updated.
#  recipe to execute (from 'Makefile', line 70):
			ar rcs	$(NAME)	$(OBJECTS)

# Not a target:
ft_striteri.c:
#  Implicit rule search has been done.
#  Last modified 2024-01-24 16:24:01.374964091
#  File has been updated.
#  Successfully updated.

# Not a target:
ft_memchr.c:
#  Implicit rule search has been done.
#  Last modified 2024-01-24 16:24:01.330964321
#  File has been updated.
#  Successfully updated.

# Not a target:
ft_tolower.c:
#  Implicit rule search has been done.
#  Last modified 2024-01-24 16:24:01.410963903
#  File has been updated.
#  Successfully updated.

# Not a target:
ft_strlcpy.c:
#  Implicit rule search has been done.
#  Last modified 2024-01-24 16:24:01.382964049
#  File has been updated.
#  Successfully updated.

ft_toupper.o: ft_isalpha.c ft_atol.c ft_isdigit.c ft_isalnum.c ft_isascii.c ft_isprint.c ft_strlen.c ft_isspace.c ft_memset.c ft_bzero.c ft_memcpy.c ft_memmove.c ft_strlcpy.c ft_strlcat.c ft_toupper.c ft_tolower.c ft_strchr.c ft_strrchr.c ft_strncmp.c ft_memchr.c ft_memcmp.c ft_strnstr.c ft_atoi.c ft_calloc.c ft_strdup.c ft_substr.c ft_strjoin.c ft_strtrim.c ft_itoa.c ft_strmapi.c ft_striteri.c ft_putchar_fd.c ft_putstr_fd.c ft_putendl_fd.c ft_putnbr_fd.c ft_split.c
#  Implicit rule search has not been done.
#  Last modified 2024-01-24 16:24:28.894820628
#  File has been updated.
#  Successfully updated.
#  recipe to execute (from 'Makefile', line 73):
			cc -c $(CFLAGS) $(SOURCES)		

ft_isalnum.o: ft_isalpha.c ft_atol.c ft_isdigit.c ft_isalnum.c ft_isascii.c ft_isprint.c ft_strlen.c ft_isspace.c ft_memset.c ft_bzero.c ft_memcpy.c ft_memmove.c ft_strlcpy.c ft_strlcat.c ft_toupper.c ft_tolower.c ft_strchr.c ft_strrchr.c ft_strncmp.c ft_memchr.c ft_memcmp.c ft_strnstr.c ft_atoi.c ft_calloc.c ft_strdup.c ft_substr.c ft_strjoin.c ft_strtrim.c ft_itoa.c ft_strmapi.c ft_striteri.c ft_putchar_fd.c ft_putstr_fd.c ft_putendl_fd.c ft_putnbr_fd.c ft_split.c
#  Implicit rule search has not been done.
#  Last modified 2024-01-24 16:24:28.482822776
#  File has been updated.
#  Successfully updated.
#  recipe to execute (from 'Makefile', line 73):
			cc -c $(CFLAGS) $(SOURCES)		

ft_putendl_fd.o: ft_isalpha.c ft_atol.c ft_isdigit.c ft_isalnum.c ft_isascii.c ft_isprint.c ft_strlen.c ft_isspace.c ft_memset.c ft_bzero.c ft_memcpy.c ft_memmove.c ft_strlcpy.c ft_strlcat.c ft_toupper.c ft_tolower.c ft_strchr.c ft_strrchr.c ft_strncmp.c ft_memchr.c ft_memcmp.c ft_strnstr.c ft_atoi.c ft_calloc.c ft_strdup.c ft_substr.c ft_strjoin.c ft_strtrim.c ft_itoa.c ft_strmapi.c ft_striteri.c ft_putchar_fd.c ft_putstr_fd.c ft_putendl_fd.c ft_putnbr_fd.c ft_split.c
#  Implicit rule search has not been done.
#  Last modified 2024-01-24 16:24:29.534817292
#  File has been updated.
#  Successfully updated.
#  recipe to execute (from 'Makefile', line 73):
			cc -c $(CFLAGS) $(SOURCES)		

# Not a target:
ft_strlen.c:
#  Implicit rule search has been done.
#  Last modified 2024-01-24 16:24:01.386964028
#  File has been updated.
#  Successfully updated.

# Not a target:
ft_lstsize.o:
#  Implicit rule search has not been done.
 
#  Modification time never checked.
#  File has not been updated.

ft_striteri.o: ft_isalpha.c ft_atol.c ft_isdigit.c ft_isalnum.c ft_isascii.c ft_isprint.c ft_strlen.c ft_isspace.c ft_memset.c ft_bzero.c ft_memcpy.c ft_memmove.c ft_strlcpy.c ft_strlcat.c ft_toupper.c ft_tolower.c ft_strchr.c ft_strrchr.c ft_strncmp.c ft_memchr.c ft_memcmp.c ft_strnstr.c ft_atoi.c ft_calloc.c ft_strdup.c ft_substr.c ft_strjoin.c ft_strtrim.c ft_itoa.c ft_strmapi.c ft_striteri.c ft_putchar_fd.c ft_putstr_fd.c ft_putendl_fd.c ft_putnbr_fd.c ft_split.c
#  Implicit rule search has not been done.
#  Last modified 2024-01-24 16:24:29.438817793
#  File has been updated.
#  Successfully updated.
#  recipe to execute (from 'Makefile', line 73):
			cc -c $(CFLAGS) $(SOURCES)		

# Not a target:
Makefile:
#  Implicit rule search has been done.
#  Last modified 2024-01-24 16:24:01.250964738
#  File has been updated.
#  Successfully updated.

ft_strlen.o: ft_isalpha.c ft_atol.c ft_isdigit.c ft_isalnum.c ft_isascii.c ft_isprint.c ft_strlen.c ft_isspace.c ft_memset.c ft_bzero.c ft_memcpy.c ft_memmove.c ft_strlcpy.c ft_strlcat.c ft_toupper.c ft_tolower.c ft_strchr.c ft_strrchr.c ft_strncmp.c ft_memchr.c ft_memcmp.c ft_strnstr.c ft_atoi.c ft_calloc.c ft_strdup.c ft_substr.c ft_strjoin.c ft_strtrim.c ft_itoa.c ft_strmapi.c ft_striteri.c ft_putchar_fd.c ft_putstr_fd.c ft_putendl_fd.c ft_putnbr_fd.c ft_split.c
#  Implicit rule search has not been done.
#  Last modified 2024-01-24 16:24:28.610822109
#  File has been updated.
#  Successfully updated.
#  recipe to execute (from 'Makefile', line 73):
			cc -c $(CFLAGS) $(SOURCES)		

ft_strnstr.o: ft_isalpha.c ft_atol.c ft_isdigit.c ft_isalnum.c ft_isascii.c ft_isprint.c ft_strlen.c ft_isspace.c ft_memset.c ft_bzero.c ft_memcpy.c ft_memmove.c ft_strlcpy.c ft_strlcat.c ft_toupper.c ft_tolower.c ft_strchr.c ft_strrchr.c ft_strncmp.c ft_memchr.c ft_memcmp.c ft_strnstr.c ft_atoi.c ft_calloc.c ft_strdup.c ft_substr.c ft_strjoin.c ft_strtrim.c ft_itoa.c ft_strmapi.c ft_striteri.c ft_putchar_fd.c ft_putstr_fd.c ft_putendl_fd.c ft_putnbr_fd.c ft_split.c
#  Implicit rule search has not been done.
#  Last modified 2024-01-24 16:24:29.130819398
#  File has been updated.
#  Successfully updated.
#  recipe to execute (from 'Makefile', line 73):
			cc -c $(CFLAGS) $(SOURCES)		

# Not a target:
ft_memcpy.c:
#  Implicit rule search has been done.
#  Last modified 2024-01-24 16:24:01.338964278
#  File has been updated.
#  Successfully updated.

# Not a target:
ft_memset.c:
#  Implicit rule search has been done.
#  Last modified 2024-01-24 16:24:01.346964237
#  File has been updated.
#  Successfully updated.

ft_strmapi.o: ft_isalpha.c ft_atol.c ft_isdigit.c ft_isalnum.c ft_isascii.c ft_isprint.c ft_strlen.c ft_isspace.c ft_memset.c ft_bzero.c ft_memcpy.c ft_memmove.c ft_strlcpy.c ft_strlcat.c ft_toupper.c ft_tolower.c ft_strchr.c ft_strrchr.c ft_strncmp.c ft_memchr.c ft_memcmp.c ft_strnstr.c ft_atoi.c ft_calloc.c ft_strdup.c ft_substr.c ft_strjoin.c ft_strtrim.c ft_itoa.c ft_strmapi.c ft_striteri.c ft_putchar_fd.c ft_putstr_fd.c ft_putendl_fd.c ft_putnbr_fd.c ft_split.c
#  Implicit rule search has not been done.
#  Last modified 2024-01-24 16:24:29.40281798
#  File has been updated.
#  Successfully updated.
#  recipe to execute (from 'Makefile', line 73):
			cc -c $(CFLAGS) $(SOURCES)		

ft_isspace.o: ft_isalpha.c ft_atol.c ft_isdigit.c ft_isalnum.c ft_isascii.c ft_isprint.c ft_strlen.c ft_isspace.c ft_memset.c ft_bzero.c ft_memcpy.c ft_memmove.c ft_strlcpy.c ft_strlcat.c ft_toupper.c ft_tolower.c ft_strchr.c ft_strrchr.c ft_strncmp.c ft_memchr.c ft_memcmp.c ft_strnstr.c ft_atoi.c ft_calloc.c ft_strdup.c ft_substr.c ft_strjoin.c ft_strtrim.c ft_itoa.c ft_strmapi.c ft_striteri.c ft_putchar_fd.c ft_putstr_fd.c ft_putendl_fd.c ft_putnbr_fd.c ft_split.c
#  Implicit rule search has not been done.
#  Last modified 2024-01-24 16:24:28.642821942
#  File has been updated.
#  Successfully updated.
#  recipe to execute (from 'Makefile', line 73):
			cc -c $(CFLAGS) $(SOURCES)		

# Not a target:
ft_lstiter.o:
#  Implicit rule search has not been done.
#  Modification time never checked.
#  File has not been updated.

ft_strdup.o: ft_isalpha.c ft_atol.c ft_isdigit.c ft_isalnum.c ft_isascii.c ft_isprint.c ft_strlen.c ft_isspace.c ft_memset.c ft_bzero.c ft_memcpy.c ft_memmove.c ft_strlcpy.c ft_strlcat.c ft_toupper.c ft_tolower.c ft_strchr.c ft_strrchr.c ft_strncmp.c ft_memchr.c ft_memcmp.c ft_strnstr.c ft_atoi.c ft_calloc.c ft_strdup.c ft_substr.c ft_strjoin.c ft_strtrim.c ft_itoa.c ft_strmapi.c ft_striteri.c ft_putchar_fd.c ft_putstr_fd.c ft_putendl_fd.c ft_putnbr_fd.c ft_split.c
#  Implicit rule search has not been done.
#  Last modified 2024-01-24 16:24:29.246818794
#  File has been updated.
#  Successfully updated.
#  recipe to execute (from 'Makefile', line 73):
			cc -c $(CFLAGS) $(SOURCES)		

# Not a target:
ft_lstadd_front.o:
#  Implicit rule search has not been done.
#  Modification time never checked.
#  File has not been updated.

# Not a target:
ft_lstadd_back.o:
#  Implicit rule search has not been done.
#  Modification time never checked.
#  File has not been updated.

# Not a target:
ft_isprint.c:
#  Implicit rule search has been done.
#  Last modified 2024-01-24 16:24:01.286964549
#  File has been updated.
#  Successfully updated.

bonus: ft_lstnew.o ft_lstadd_front.o ft_lstsize.o ft_lstlast.o ft_lstadd_back.o ft_lstdelone.o ft_lstclear.o ft_lstiter.o
#  Phony target (prerequisite of .PHONY).
#  Implicit rule search has not been done.
#  File does not exist.
#  File has not been updated.
#  recipe to execute (from 'Makefile', line 83):
			cc -c $(CFLAGS) $(BONUS)
			ar rcs	$(NAME)	$(BONUS_OBJS)
			

# Not a target:
ft_lstclear.o:
#  Implicit rule search has not been done.
#  Modification time never checked.
#  File has not been updated.

# Not a target:
ft_bzero.c:
#  Implicit rule search has been done.
#  Last modified 2024-01-24 16:24:01.262964675
#  File has been updated.
#  Successfully updated.

# Not a target:
ft_isalpha.c:
#  Implicit rule search has been done.
#  Last modified 2024-01-24 16:24:01.274964612
#  File has been updated.
#  Successfully updated.

clean:
#  Phony target (prerequisite of .PHONY).
#  Implicit rule search has not been done.
#  File does not exist.
#  File has not been updated.
#  recipe to execute (from 'Makefile', line 75):
			$(RM)	$(OBJECTS)	$(BONUS_OBJS)

ft_itoa.o: ft_isalpha.c ft_atol.c ft_isdigit.c ft_isalnum.c ft_isascii.c ft_isprint.c ft_strlen.c ft_isspace.c ft_memset.c ft_bzero.c ft_memcpy.c ft_memmove.c ft_strlcpy.c ft_strlcat.c ft_toupper.c ft_tolower.c ft_strchr.c ft_strrchr.c ft_strncmp.c ft_memchr.c ft_memcmp.c ft_strnstr.c ft_atoi.c ft_calloc.c ft_strdup.c ft_substr.c ft_strjoin.c ft_strtrim.c ft_itoa.c ft_strmapi.c ft_striteri.c ft_putchar_fd.c ft_putstr_fd.c ft_putendl_fd.c ft_putnbr_fd.c ft_split.c
#  Implicit rule search has not been done.
#  Last modified 2024-01-24 16:24:29.370818147
#  File has been updated.
#  Successfully updated.
#  recipe to execute (from 'Makefile', line 73):
			cc -c $(CFLAGS) $(SOURCES)		

ft_memset.o: ft_isalpha.c ft_atol.c ft_isdigit.c ft_isalnum.c ft_isascii.c ft_isprint.c ft_strlen.c ft_isspace.c ft_memset.c ft_bzero.c ft_memcpy.c ft_memmove.c ft_strlcpy.c ft_strlcat.c ft_toupper.c ft_tolower.c ft_strchr.c ft_strrchr.c ft_strncmp.c ft_memchr.c ft_memcmp.c ft_strnstr.c ft_atoi.c ft_calloc.c ft_strdup.c ft_substr.c ft_strjoin.c ft_strtrim.c ft_itoa.c ft_strmapi.c ft_striteri.c ft_putchar_fd.c ft_putstr_fd.c ft_putendl_fd.c ft_putnbr_fd.c ft_split.c
#  Implicit rule search has not been done.
#  Last modified 2024-01-24 16:24:28.674821775
#  File has been updated.
#  Successfully updated.
#  recipe to execute (from 'Makefile', line 73):
			cc -c $(CFLAGS) $(SOURCES)		

ft_isascii.o: ft_isalpha.c ft_atol.c ft_isdigit.c ft_isalnum.c ft_isascii.c ft_isprint.c ft_strlen.c ft_isspace.c ft_memset.c ft_bzero.c ft_memcpy.c ft_memmove.c ft_strlcpy.c ft_strlcat.c ft_toupper.c ft_tolower.c ft_strchr.c ft_strrchr.c ft_strncmp.c ft_memchr.c ft_memcmp.c ft_strnstr.c ft_atoi.c ft_calloc.c ft_strdup.c ft_substr.c ft_strjoin.c ft_strtrim.c ft_itoa.c ft_strmapi.c ft_striteri.c ft_putchar_fd.c ft_putstr_fd.c ft_putendl_fd.c ft_putnbr_fd.c ft_split.c
#  Implicit rule search has not been done.
#  Last modified 2024-01-24 16:24:28.526822547
#  File has been updated.
#  Successfully updated.
#  recipe to execute (from 'Makefile', line 73):
			cc -c $(CFLAGS) $(SOURCES)		

ft_memcpy.o: ft_isalpha.c ft_atol.c ft_isdigit.c ft_isalnum.c ft_isascii.c ft_isprint.c ft_strlen.c ft_isspace.c ft_memset.c ft_bzero.c ft_memcpy.c ft_memmove.c ft_strlcpy.c ft_strlcat.c ft_toupper.c ft_tolower.c ft_strchr.c ft_strrchr.c ft_strncmp.c ft_memchr.c ft_memcmp.c ft_strnstr.c ft_atoi.c ft_calloc.c ft_strdup.c ft_substr.c ft_strjoin.c ft_strtrim.c ft_itoa.c ft_strmapi.c ft_striteri.c ft_putchar_fd.c ft_putstr_fd.c ft_putendl_fd.c ft_putnbr_fd.c ft_split.c
#  Implicit rule search has not been done.
#  Last modified 2024-01-24 16:24:28.7468214
#  File has been updated.
#  Successfully updated.
#  recipe to execute (from 'Makefile', line 73):
			cc -c $(CFLAGS) $(SOURCES)		

# Not a target:
ft_strjoin.c:
#  Implicit rule search has been done.
#  Last modified 2024-01-24 16:24:01.37896407
#  File has been updated.
#  Successfully updated.

# Not a target:
ft_isascii.c:
#  Implicit rule search has been done.
#  Last modified 2024-01-24 16:24:01.278964591
#  File has been updated.
#  Successfully updated.

# Not a target:
ft_strlcat.c:
#  Implicit rule search has been done.
#  Last modified 2024-01-24 16:24:01.37896407
#  File has been updated.
#  Successfully updated.

ft_strtrim.o: ft_isalpha.c ft_atol.c ft_isdigit.c ft_isalnum.c ft_isascii.c ft_isprint.c ft_strlen.c ft_isspace.c ft_memset.c ft_bzero.c ft_memcpy.c ft_memmove.c ft_strlcpy.c ft_strlcat.c ft_toupper.c ft_tolower.c ft_strchr.c ft_strrchr.c ft_strncmp.c ft_memchr.c ft_memcmp.c ft_strnstr.c ft_atoi.c ft_calloc.c ft_strdup.c ft_substr.c ft_strjoin.c ft_strtrim.c ft_itoa.c ft_strmapi.c ft_striteri.c ft_putchar_fd.c ft_putstr_fd.c ft_putendl_fd.c ft_putnbr_fd.c ft_split.c
#  Implicit rule search has not been done.
#  Last modified 2024-01-24 16:24:29.338818314
#  File has been updated.
#  Successfully updated.
#  recipe to execute (from 'Makefile', line 73):
			cc -c $(CFLAGS) $(SOURCES)		

re: fclean libft.a
#  Phony target (prerequisite of .PHONY).
#  Implicit rule search has not been done.
#  File does not exist.
#  File has not been updated.

# Not a target:
ft_lstnew.o:
#  Implicit rule search has not been done.
#  Modification time never checked.
#  File has not been updated.

ft_bzero.o: ft_isalpha.c ft_atol.c ft_isdigit.c ft_isalnum.c ft_isascii.c ft_isprint.c ft_strlen.c ft_isspace.c ft_memset.c ft_bzero.c ft_memcpy.c ft_memmove.c ft_strlcpy.c ft_strlcat.c ft_toupper.c ft_tolower.c ft_strchr.c ft_strrchr.c ft_strncmp.c ft_memchr.c ft_memcmp.c ft_strnstr.c ft_atoi.c ft_calloc.c ft_strdup.c ft_substr.c ft_strjoin.c ft_strtrim.c ft_itoa.c ft_strmapi.c ft_striteri.c ft_putchar_fd.c ft_putstr_fd.c ft_putendl_fd.c ft_putnbr_fd.c ft_split.c
#  Implicit rule search has not been done.
#  Last modified 2024-01-24 16:24:28.706821609
#  File has been updated.
#  Successfully updated.
#  recipe to execute (from 'Makefile', line 73):
			cc -c $(CFLAGS) $(SOURCES)		

ft_isdigit.o: ft_isalpha.c ft_atol.c ft_isdigit.c ft_isalnum.c ft_isascii.c ft_isprint.c ft_strlen.c ft_isspace.c ft_memset.c ft_bzero.c ft_memcpy.c ft_memmove.c ft_strlcpy.c ft_strlcat.c ft_toupper.c ft_tolower.c ft_strchr.c ft_strrchr.c ft_strncmp.c ft_memchr.c ft_memcmp.c ft_strnstr.c ft_atoi.c ft_calloc.c ft_strdup.c ft_substr.c ft_strjoin.c ft_strtrim.c ft_itoa.c ft_strmapi.c ft_striteri.c ft_putchar_fd.c ft_putstr_fd.c ft_putendl_fd.c ft_putnbr_fd.c ft_split.c
#  Implicit rule search has not been done.
#  Last modified 2024-01-24 16:24:28.442822985
#  File has been updated.
#  Successfully updated.
#  recipe to execute (from 'Makefile', line 73):
			cc -c $(CFLAGS) $(SOURCES)		

ft_putnbr_fd.o: ft_isalpha.c ft_atol.c ft_isdigit.c ft_isalnum.c ft_isascii.c ft_isprint.c ft_strlen.c ft_isspace.c ft_memset.c ft_bzero.c ft_memcpy.c ft_memmove.c ft_strlcpy.c ft_strlcat.c ft_toupper.c ft_tolower.c ft_strchr.c ft_strrchr.c ft_strncmp.c ft_memchr.c ft_memcmp.c ft_strnstr.c ft_atoi.c ft_calloc.c ft_strdup.c ft_substr.c ft_strjoin.c ft_strtrim.c ft_itoa.c ft_strmapi.c ft_striteri.c ft_putchar_fd.c ft_putstr_fd.c ft_putendl_fd.c ft_putnbr_fd.c ft_split.c
#  Implicit rule search has not been done.
#  Last modified 2024-01-24 16:24:29.566817125
#  File has been updated.
#  Successfully updated.
#  recipe to execute (from 'Makefile', line 73):
			cc -c $(CFLAGS) $(SOURCES)		

ft_strjoin.o: ft_isalpha.c ft_atol.c ft_isdigit.c ft_isalnum.c ft_isascii.c ft_isprint.c ft_strlen.c ft_isspace.c ft_memset.c ft_bzero.c ft_memcpy.c ft_memmove.c ft_strlcpy.c ft_strlcat.c ft_toupper.c ft_tolower.c ft_strchr.c ft_strrchr.c ft_strncmp.c ft_memchr.c ft_memcmp.c ft_strnstr.c ft_atoi.c ft_calloc.c ft_strdup.c ft_substr.c ft_strjoin.c ft_strtrim.c ft_itoa.c ft_strmapi.c ft_striteri.c ft_putchar_fd.c ft_putstr_fd.c ft_putendl_fd.c ft_putnbr_fd.c ft_split.c
#  Implicit rule search has not been done.
#  Last modified 2024-01-24 16:24:29.318818419
#  File has been updated.
#  Successfully updated.
#  recipe to execute (from 'Makefile', line 73):
			cc -c $(CFLAGS) $(SOURCES)		

# Not a target:
ft_putendl_fd.c:
#  Implicit rule search has been done.
#  Last modified 2024-01-24 16:24:01.354964195
#  File has been updated.
#  Successfully updated.

# Not a target:
ft_strnstr.c:
#  Implicit rule search has been done.
#  Last modified 2024-01-24 16:24:01.398963966
#  File has been updated.
#  Successfully updated.

ft_strlcat.o: ft_isalpha.c ft_atol.c ft_isdigit.c ft_isalnum.c ft_isascii.c ft_isprint.c ft_strlen.c ft_isspace.c ft_memset.c ft_bzero.c ft_memcpy.c ft_memmove.c ft_strlcpy.c ft_strlcat.c ft_toupper.c ft_tolower.c ft_strchr.c ft_strrchr.c ft_strncmp.c ft_memchr.c ft_memcmp.c ft_strnstr.c ft_atoi.c ft_calloc.c ft_strdup.c ft_substr.c ft_strjoin.c ft_strtrim.c ft_itoa.c ft_strmapi.c ft_striteri.c ft_putchar_fd.c ft_putstr_fd.c ft_putendl_fd.c ft_putnbr_fd.c ft_split.c
#  Implicit rule search has not been done.
#  Last modified 2024-01-24 16:24:28.858820816
#  File has been updated.
#  Successfully updated.
#  recipe to execute (from 'Makefile', line 73):
			cc -c $(CFLAGS) $(SOURCES)		

# Not a target:
ft_strdup.c:
#  Implicit rule search has been done.
#  Last modified 2024-01-24 16:24:01.370964112
#  File has been updated.
#  Successfully updated.

# Not a target:
.DEFAULT:
#  Implicit rule search has not been done.
#  Modification time never checked.
#  File has not been updated.

ft_atol.o: ft_isalpha.c ft_atol.c ft_isdigit.c ft_isalnum.c ft_isascii.c ft_isprint.c ft_strlen.c ft_isspace.c ft_memset.c ft_bzero.c ft_memcpy.c ft_memmove.c ft_strlcpy.c ft_strlcat.c ft_toupper.c ft_tolower.c ft_strchr.c ft_strrchr.c ft_strncmp.c ft_memchr.c ft_memcmp.c ft_strnstr.c ft_atoi.c ft_calloc.c ft_strdup.c ft_substr.c ft_strjoin.c ft_strtrim.c ft_itoa.c ft_strmapi.c ft_striteri.c ft_putchar_fd.c ft_putstr_fd.c ft_putendl_fd.c ft_putnbr_fd.c ft_split.c
#  Implicit rule search has not been done.
#  Last modified 2024-01-24 16:24:28.402823194
#  File has been updated.
#  Successfully updated.
#  recipe to execute (from 'Makefile', line 73):
			cc -c $(CFLAGS) $(SOURCES)		

all: libft.a
#  Phony target (prerequisite of .PHONY).
#  Command line target.
#  Implicit rule search has not been done.
#  File does not exist.
 
#  File has been updated.
#  Successfully updated.

fclean: clean
#  Phony target (prerequisite of .PHONY).
#  Implicit rule search has not been done.
#  File does not exist.
#  File has not been updated.
#  recipe to execute (from 'Makefile', line 78):
			$(RM)	$(NAME)

# Not a target:
ft_strchr.c:
#  Implicit rule search has been done.
#  Last modified 2024-01-24 16:24:01.366964132
#  File has been updated.
#  Successfully updated.

# Not a target:
ft_isspace.c:
#  Implicit rule search has been done.
#  Last modified 2024-01-24 16:24:01.290964529
#  File has been updated.
#  Successfully updated.

# Not a target:
ft_putstr_fd.c:
#  Implicit rule search has been done.
#  Last modified 2024-01-24 16:24:01.358964174
#  File has been updated.
#  Successfully updated.

# Not a target:
ft_atoi.c:
#  Implicit rule search has been done.
#  Last modified 2024-01-24 16:24:01.254964716
#  File has been updated.
#  Successfully updated.

ft_memmove.o: ft_isalpha.c ft_atol.c ft_isdigit.c ft_isalnum.c ft_isascii.c ft_isprint.c ft_strlen.c ft_isspace.c ft_memset.c ft_bzero.c ft_memcpy.c ft_memmove.c ft_strlcpy.c ft_strlcat.c ft_toupper.c ft_tolower.c ft_strchr.c ft_strrchr.c ft_strncmp.c ft_memchr.c ft_memcmp.c ft_strnstr.c ft_atoi.c ft_calloc.c ft_strdup.c ft_substr.c ft_strjoin.c ft_strtrim.c ft_itoa.c ft_strmapi.c ft_striteri.c ft_putchar_fd.c ft_putstr_fd.c ft_putendl_fd.c ft_putnbr_fd.c ft_split.c
#  Implicit rule search has not been done.
#  Last modified 2024-01-24 16:24:28.778821234
#  File has been updated.
#  Successfully updated.
#  recipe to execute (from 'Makefile', line 73):
			cc -c $(CFLAGS) $(SOURCES)		

# Not a target:
ft_calloc.c:
#  Implicit rule search has been done.
#  Last modified 2024-01-24 16:24:01.266964654
#  File has been updated.
#  Successfully updated.

# Not a target:
ft_strrchr.c:
#  Implicit rule search has been done.
#  Last modified 2024-01-24 16:24:01.402963945
#  File has been updated.
#  Successfully updated.

ft_atoi.o: ft_isalpha.c ft_atol.c ft_isdigit.c ft_isalnum.c ft_isascii.c ft_isprint.c ft_strlen.c ft_isspace.c ft_memset.c ft_bzero.c ft_memcpy.c ft_memmove.c ft_strlcpy.c ft_strlcat.c ft_toupper.c ft_tolower.c ft_strchr.c ft_strrchr.c ft_strncmp.c ft_memchr.c ft_memcmp.c ft_strnstr.c ft_atoi.c ft_calloc.c ft_strdup.c ft_substr.c ft_strjoin.c ft_strtrim.c ft_itoa.c ft_strmapi.c ft_striteri.c ft_putchar_fd.c ft_putstr_fd.c ft_putendl_fd.c ft_putnbr_fd.c ft_split.c
#  Implicit rule search has not been done.
#  Last modified 2024-01-24 16:24:29.162819231
#  File has been updated.
#  Successfully updated.
#  recipe to execute (from 'Makefile', line 73):
			cc -c $(CFLAGS) $(SOURCES)		

# Not a target:
ft_memmove.c:
#  Implicit rule search has been done.
#  Last modified 2024-01-24 16:24:01.342964258
#  File has been updated.
#  Successfully updated.

ft_strlcpy.o: ft_isalpha.c ft_atol.c ft_isdigit.c ft_isalnum.c ft_isascii.c ft_isprint.c ft_strlen.c ft_isspace.c ft_memset.c ft_bzero.c ft_memcpy.c ft_memmove.c ft_strlcpy.c ft_strlcat.c ft_toupper.c ft_tolower.c ft_strchr.c ft_strrchr.c ft_strncmp.c ft_memchr.c ft_memcmp.c ft_strnstr.c ft_atoi.c ft_calloc.c ft_strdup.c ft_substr.c ft_strjoin.c ft_strtrim.c ft_itoa.c ft_strmapi.c ft_striteri.c ft_putchar_fd.c ft_putstr_fd.c ft_putendl_fd.c ft_putnbr_fd.c ft_split.c
#  Implicit rule search has not been done.
#  Last modified 2024-01-24 16:24:28.814821045
#  File has been updated.
#  Successfully updated.
#  recipe to execute (from 'Makefile', line 73):
			cc -c $(CFLAGS) $(SOURCES)		

# Not a target:
ft_putchar_fd.c:
#  Implicit rule search has been done.
#  Last modified 2024-01-24 16:24:01.350964216
#  File has been updated.
#  Successfully updated.

ft_calloc.o: ft_isalpha.c ft_atol.c ft_isdigit.c ft_isalnum.c ft_isascii.c ft_isprint.c ft_strlen.c ft_isspace.c ft_memset.c ft_bzero.c ft_memcpy.c ft_memmove.c ft_strlcpy.c ft_strlcat.c ft_toupper.c ft_tolower.c ft_strchr.c ft_strrchr.c ft_strncmp.c ft_memchr.c ft_memcmp.c ft_strnstr.c ft_atoi.c ft_calloc.c ft_strdup.c ft_substr.c ft_strjoin.c ft_strtrim.c ft_itoa.c ft_strmapi.c ft_striteri.c ft_putchar_fd.c ft_putstr_fd.c ft_putendl_fd.c ft_putnbr_fd.c ft_split.c
#  Implicit rule search has not been done.
#  Last modified 2024-01-24 16:24:29.202819023
#  File has been updated.
#  Successfully updated.
#  recipe to execute (from 'Makefile', line 73):
			cc -c $(CFLAGS) $(SOURCES)		

# Not a target:
ft_isdigit.c:
#  Implicit rule search has been done.
#  Last modified 2024-01-24 16:24:01.282964571
#  File has been updated.
#  Successfully updated.

ft_split.o: ft_isalpha.c ft_atol.c ft_isdigit.c ft_isalnum.c ft_isascii.c ft_isprint.c ft_strlen.c ft_isspace.c ft_memset.c ft_bzero.c ft_memcpy.c ft_memmove.c ft_strlcpy.c ft_strlcat.c ft_toupper.c ft_tolower.c ft_strchr.c ft_strrchr.c ft_strncmp.c ft_memchr.c ft_memcmp.c ft_strnstr.c ft_atoi.c ft_calloc.c ft_strdup.c ft_substr.c ft_strjoin.c ft_strtrim.c ft_itoa.c ft_strmapi.c ft_striteri.c ft_putchar_fd.c ft_putstr_fd.c ft_putendl_fd.c ft_putnbr_fd.c ft_split.c
#  Implicit rule search has not been done.
#  Last modified 2024-01-24 16:24:29.598816958
#  File has been updated.
#  Successfully updated.
#  recipe to execute (from 'Makefile', line 73):
			cc -c $(CFLAGS) $(SOURCES)		

ft_memcmp.o: ft_isalpha.c ft_atol.c ft_isdigit.c ft_isalnum.c ft_isascii.c ft_isprint.c ft_strlen.c ft_isspace.c ft_memset.c ft_bzero.c ft_memcpy.c ft_memmove.c ft_strlcpy.c ft_strlcat.c ft_toupper.c ft_tolower.c ft_strchr.c ft_strrchr.c ft_strncmp.c ft_memchr.c ft_memcmp.c ft_strnstr.c ft_atoi.c ft_calloc.c ft_strdup.c ft_substr.c ft_strjoin.c ft_strtrim.c ft_itoa.c ft_strmapi.c ft_striteri.c ft_putchar_fd.c ft_putstr_fd.c ft_putendl_fd.c ft_putnbr_fd.c ft_split.c
#  Implicit rule search has not been done.
#  Last modified 2024-01-24 16:24:29.098819565
#  File has been updated.
#  Successfully updated.
#  recipe to execute (from 'Makefile', line 73):
			cc -c $(CFLAGS) $(SOURCES)		

# Not a target:
ft_strncmp.c:
#  Implicit rule search has been done.
#  Last modified 2024-01-24 16:24:01.394963987
#  File has been updated.
#  Successfully updated.

# Not a target:
ft_lstdelone.o:
#  Implicit rule search has not been done.
#  Modification time never checked.
#  File has not been updated.

# Not a target:
ft_atol.c:
#  Implicit rule search has been done.
#  Last modified 2024-01-24 16:24:01.258964696
#  File has been updated.
#  Successfully updated.

# Not a target:
ft_memcmp.c:
#  Implicit rule search has been done.
#  Last modified 2024-01-24 16:24:01.334964299
#  File has been updated.
#  Successfully updated.

# Not a target:
ft_split.c:
#  Implicit rule search has been done.
#  Last modified 2024-01-24 16:24:01.362964154
#  File has been updated.
#  Successfully updated.

# Not a target:
ft_strmapi.c:
#  Implicit rule search has been done.
#  Last modified 2024-01-24 16:24:01.390964008
#  File has been updated.
#  Successfully updated.

ft_substr.o: ft_isalpha.c ft_atol.c ft_isdigit.c ft_isalnum.c ft_isascii.c ft_isprint.c ft_strlen.c ft_isspace.c ft_memset.c ft_bzero.c ft_memcpy.c ft_memmove.c ft_strlcpy.c ft_strlcat.c ft_toupper.c ft_tolower.c ft_strchr.c ft_strrchr.c ft_strncmp.c ft_memchr.c ft_memcmp.c ft_strnstr.c ft_atoi.c ft_calloc.c ft_strdup.c ft_substr.c ft_strjoin.c ft_strtrim.c ft_itoa.c ft_strmapi.c ft_striteri.c ft_putchar_fd.c ft_putstr_fd.c ft_putendl_fd.c ft_putnbr_fd.c ft_split.c
#  Implicit rule search has not been done.
#  Last modified 2024-01-24 16:24:29.286818585
#  File has been updated.
#  Successfully updated.
#  recipe to execute (from 'Makefile', line 73):
			cc -c $(CFLAGS) $(SOURCES)		

ft_strrchr.o: ft_isalpha.c ft_atol.c ft_isdigit.c ft_isalnum.c ft_isascii.c ft_isprint.c ft_strlen.c ft_isspace.c ft_memset.c ft_bzero.c ft_memcpy.c ft_memmove.c ft_strlcpy.c ft_strlcat.c ft_toupper.c ft_tolower.c ft_strchr.c ft_strrchr.c ft_strncmp.c ft_memchr.c ft_memcmp.c ft_strnstr.c ft_atoi.c ft_calloc.c ft_strdup.c ft_substr.c ft_strjoin.c ft_strtrim.c ft_itoa.c ft_strmapi.c ft_striteri.c ft_putchar_fd.c ft_putstr_fd.c ft_putendl_fd.c ft_putnbr_fd.c ft_split.c
#  Implicit rule search has not been done.
#  Last modified 2024-01-24 16:24:29.002820066
#  File has been updated.
#  Successfully updated.
#  recipe to execute (from 'Makefile', line 73):
			cc -c $(CFLAGS) $(SOURCES)		

# Not a target:
ft_substr.c:
#  Implicit rule search has been done.
#  Last modified 2024-01-24 16:24:01.410963903
#  File has been updated.
#  Successfully updated.

ft_strncmp.o: ft_isalpha.c ft_atol.c ft_isdigit.c ft_isalnum.c ft_isascii.c ft_isprint.c ft_strlen.c ft_isspace.c ft_memset.c ft_bzero.c ft_memcpy.c ft_memmove.c ft_strlcpy.c ft_strlcat.c ft_toupper.c ft_tolower.c ft_strchr.c ft_strrchr.c ft_strncmp.c ft_memchr.c ft_memcmp.c ft_strnstr.c ft_atoi.c ft_calloc.c ft_strdup.c ft_substr.c ft_strjoin.c ft_strtrim.c ft_itoa.c ft_strmapi.c ft_striteri.c ft_putchar_fd.c ft_putstr_fd.c ft_putendl_fd.c ft_putnbr_fd.c ft_split.c
#  Implicit rule search has not been done.
#  Last modified 2024-01-24 16:24:29.034819899
#  File has been updated.
#  Successfully updated.
#  recipe to execute (from 'Makefile', line 73):
			cc -c $(CFLAGS) $(SOURCES)		

ft_putchar_fd.o: ft_isalpha.c ft_atol.c ft_isdigit.c ft_isalnum.c ft_isascii.c ft_isprint.c ft_strlen.c ft_isspace.c ft_memset.c ft_bzero.c ft_memcpy.c ft_memmove.c ft_strlcpy.c ft_strlcat.c ft_toupper.c ft_tolower.c ft_strchr.c ft_strrchr.c ft_strncmp.c ft_memchr.c ft_memcmp.c ft_strnstr.c ft_atoi.c ft_calloc.c ft_strdup.c ft_substr.c ft_strjoin.c ft_strtrim.c ft_itoa.c ft_strmapi.c ft_striteri.c ft_putchar_fd.c ft_putstr_fd.c ft_putendl_fd.c ft_putnbr_fd.c ft_split.c
#  Implicit rule search has not been done.
#  Last modified 2024-01-24 16:24:29.470817626
#  File has been updated.
#  Successfully updated.
#  recipe to execute (from 'Makefile', line 73):
			cc -c $(CFLAGS) $(SOURCES)		

.PHONY: all clean fclean re bonus
#  Implicit rule search has not been done.
#  Modification time never checked.
#  File has not been updated.

# Not a target:
ft_lstlast.o:
#  Implicit rule search has not been done.
#  Modification time never checked.
#  File has not been updated.

# Not a target:
ft_toupper.c:
#  Implicit rule search has been done.
#  Last modified 2024-01-24 16:24:01.414963882
#  File has been updated.
#  Successfully updated.

# Not a target:
ft_itoa.c:
#  Implicit rule search has been done.
#  Last modified 2024-01-24 16:24:01.294964508
#  File has been updated.
#  Successfully updated.

ft_tolower.o: ft_isalpha.c ft_atol.c ft_isdigit.c ft_isalnum.c ft_isascii.c ft_isprint.c ft_strlen.c ft_isspace.c ft_memset.c ft_bzero.c ft_memcpy.c ft_memmove.c ft_strlcpy.c ft_strlcat.c ft_toupper.c ft_tolower.c ft_strchr.c ft_strrchr.c ft_strncmp.c ft_memchr.c ft_memcmp.c ft_strnstr.c ft_atoi.c ft_calloc.c ft_strdup.c ft_substr.c ft_strjoin.c ft_strtrim.c ft_itoa.c ft_strmapi.c ft_striteri.c ft_putchar_fd.c ft_putstr_fd.c ft_putendl_fd.c ft_putnbr_fd.c ft_split.c
#  Implicit rule search has not been done.
#  Last modified 2024-01-24 16:24:28.926820462
#  File has been updated.
#  Successfully updated.
#  recipe to execute (from 'Makefile', line 73):
			cc -c $(CFLAGS) $(SOURCES)		

# Not a target:
ft_putnbr_fd.c:
#  Implicit rule search has been done.
#  Last modified 2024-01-24 16:24:01.354964195
#  File has been updated.
#  Successfully updated.

ft_memchr.o: ft_isalpha.c ft_atol.c ft_isdigit.c ft_isalnum.c ft_isascii.c ft_isprint.c ft_strlen.c ft_isspace.c ft_memset.c ft_bzero.c ft_memcpy.c ft_memmove.c ft_strlcpy.c ft_strlcat.c ft_toupper.c ft_tolower.c ft_strchr.c ft_strrchr.c ft_strncmp.c ft_memchr.c ft_memcmp.c ft_strnstr.c ft_atoi.c ft_calloc.c ft_strdup.c ft_substr.c ft_strjoin.c ft_strtrim.c ft_itoa.c ft_strmapi.c ft_striteri.c ft_putchar_fd.c ft_putstr_fd.c ft_putendl_fd.c ft_putnbr_fd.c ft_split.c
#  Implicit rule search has not been done.
#  Last modified 2024-01-24 16:24:29.066819732
#  File has been updated.
#  Successfully updated.
#  recipe to execute (from 'Makefile', line 73):
			cc -c $(CFLAGS) $(SOURCES)		

# files hash-table stats:
# Load=90/1024=9%, Rehash=0, Collisions=11/227=5%
# VPATH Search Paths

# No 'vpath' search paths.

# No general ('VPATH' variable) search path.

# strcache buffers: 1 (0) / strings = 105 / storage = 1278 B / avg = 12 B
# current buf: size = 8162 B / used = 1278 B / count = 105 / avg = 12 B

# strcache performance: lookups = 271 / hit rate = 61%
# hash-table stats:
# Load=105/8192=1%, Rehash=0, Collisions=1/271=0%
# Finished Make data base on Wed Jan 24 17:29:56 2024

 
